<?xml version="1.0" encoding="UTF-8"?>
<testng-results skipped="0" failed="0" ignored="0" total="1" passed="1">
  <reporter-output>
  </reporter-output>
  <suite name="Default suite" duration-ms="25464" started-at="2017-08-26T05:22:48Z" finished-at="2017-08-26T05:23:14Z">
    <groups>
    </groups>
    <test name="Default test" duration-ms="25464" started-at="2017-08-26T05:22:48Z" finished-at="2017-08-26T05:23:14Z">
      <class name="SeleniumProject.TestImooc.LoginTest">
        <test-method status="PASS" signature="loginPage()[pri:0, instance:SeleniumProject.TestImooc.LoginTest@4b520ea8]" name="loginPage" duration-ms="22882" started-at="2017-08-26T13:22:48Z" finished-at="2017-08-26T13:23:11Z">
          <reporter-output>
          </reporter-output>
        </test-method> <!-- loginPage -->
      </class> <!-- SeleniumProject.TestImooc.LoginTest -->
    </test> <!-- Default test -->
  </suite> <!-- Default suite -->
</testng-results>
